INFO main org.flywaydb.core.internal.license.VersionPrinter - Flyway Community Edition 6.0.1 by Boxfuse
DEBUG main org.flywaydb.core.internal.scanner.classpath.ClassPathScanner - Scanning for classpath resources at 'classpath:db/migration' ...
DEBUG main org.flywaydb.core.internal.scanner.classpath.ClassPathScanner - Determining location urls for classpath:db/migration using ClassLoader jdk.internal.loader.ClassLoaders$AppClassLoader@3d4eac69 ...
DEBUG main org.flywaydb.core.internal.scanner.classpath.ClassPathScanner - Scanning URL: file:/Users/student/Makers/java/acebook-java-spark-template/target/classes/db/migration
DEBUG main org.flywaydb.core.internal.util.FeatureDetector - JBoss VFS v2 available: false
DEBUG main org.flywaydb.core.internal.scanner.classpath.FileSystemClassPathLocationScanner - Scanning starting at classpath root in filesystem: /Users/student/Makers/java/acebook-java-spark-template/target/classes/
DEBUG main org.flywaydb.core.internal.scanner.classpath.FileSystemClassPathLocationScanner - Scanning for resources in path: /Users/student/Makers/java/acebook-java-spark-template/target/classes/db/migration (db/migration)
DEBUG main org.flywaydb.core.internal.scanner.classpath.ClassPathScanner - Found resource: db/migration/V1__create_table.sql
DEBUG main org.flywaydb.core.internal.scanner.classpath.ClassPathScanner - Scanning for classes at classpath:db/migration
INFO main org.flywaydb.core.internal.database.DatabaseFactory - Database: jdbc:postgresql://localhost:5432/acebook (PostgreSQL 12.2)
DEBUG main org.flywaydb.core.internal.database.DatabaseFactory - Driver  : PostgreSQL Native Driver PostgreSQL 9.4 JDBC4.1 (build 1201)
DEBUG main org.flywaydb.core.Flyway - DDL Transactions Supported: true
DEBUG main org.flywaydb.core.Flyway - Schema: public
DEBUG main org.flywaydb.core.internal.callback.SqlScriptCallbackFactory - Scanning for SQL callbacks ...
DEBUG main org.flywaydb.core.internal.command.DbValidate - Validating migrations ...
DEBUG main org.flywaydb.core.internal.scanner.Scanner - Filtering out resource: db/migration/V1__create_table.sql (filename: V1__create_table.sql)
INFO main org.flywaydb.core.internal.command.DbValidate - Successfully validated 1 migration (execution time 00:00.063s)
INFO main org.flywaydb.core.internal.command.DbMigrate - Current version of schema "public": 1
INFO main org.flywaydb.core.internal.command.DbMigrate - Schema "public" is up to date. No migration necessary.
DEBUG main org.flywaydb.core.Flyway - Memory usage: 13 of 130M
DEBUG main spark.route.Routes - Adds route: get, /, spark.RouteImpl$1@43d7741f
DEBUG Thread-0 org.eclipse.jetty.util.log - Logging to org.slf4j.impl.Log4jLoggerAdapter(org.eclipse.jetty.util.log) via org.eclipse.jetty.util.log.Slf4jLog
INFO Thread-0 org.eclipse.jetty.util.log - Logging initialized @1393ms to org.eclipse.jetty.util.log.Slf4jLog
DEBUG Thread-0 org.eclipse.jetty.util.component.ContainerLifeCycle - org.eclipse.jetty.server.Server@37db826d[9.4.8.v20171121] added {QueuedThreadPool@qtp1777033779{STOPPED,8<=0<=200,i=0,q=0},AUTO}
DEBUG Thread-0 org.eclipse.jetty.util.component.ContainerLifeCycle - HttpConnectionFactory@5a399018[HTTP/1.1] added {HttpConfiguration@3925b272{32768/8192,8192/8192,https://:0,[ForwardedRequestCustomizer@2bbbfdb9]},POJO}
DEBUG main spark.route.Routes - Adds route: get, /posts, spark.TemplateViewRouteImpl$1@442675e1
DEBUG Thread-0 org.eclipse.jetty.util.component.ContainerLifeCycle - ServerConnector@5e2ba09b{null,[]}{0.0.0.0:0} added {org.eclipse.jetty.server.Server@37db826d[9.4.8.v20171121],UNMANAGED}
DEBUG Thread-0 org.eclipse.jetty.util.component.ContainerLifeCycle - ServerConnector@5e2ba09b{null,[]}{0.0.0.0:0} added {QueuedThreadPool@qtp1777033779{STOPPED,8<=0<=200,i=0,q=0},AUTO}
DEBUG Thread-0 org.eclipse.jetty.util.component.ContainerLifeCycle - ServerConnector@5e2ba09b{null,[]}{0.0.0.0:0} added {org.eclipse.jetty.util.thread.ScheduledExecutorScheduler@2ba84a58,AUTO}
DEBUG Thread-0 org.eclipse.jetty.util.component.ContainerLifeCycle - ServerConnector@5e2ba09b{null,[]}{0.0.0.0:0} added {org.eclipse.jetty.io.ArrayByteBufferPool@69683c22,POJO}
DEBUG Thread-0 org.eclipse.jetty.util.component.ContainerLifeCycle - ServerConnector@5e2ba09b{null,[http/1.1]}{0.0.0.0:0} added {HttpConnectionFactory@5a399018[HTTP/1.1],AUTO}
DEBUG Thread-0 org.eclipse.jetty.server.AbstractConnector - ServerConnector@5e2ba09b{HTTP/1.1,[http/1.1]}{0.0.0.0:0} added HttpConnectionFactory@5a399018[HTTP/1.1]
DEBUG Thread-0 org.eclipse.jetty.util.component.ContainerLifeCycle - ServerConnector@5e2ba09b{HTTP/1.1,[http/1.1]}{0.0.0.0:0} added {SelectorManager@ServerConnector@5e2ba09b{HTTP/1.1,[http/1.1]}{0.0.0.0:0},MANAGED}
DEBUG Thread-0 org.eclipse.jetty.util.component.ContainerLifeCycle - org.eclipse.jetty.server.Server@37db826d[9.4.8.v20171121] added {ServerConnector@5e2ba09b{HTTP/1.1,[http/1.1]}{0.0.0.0:4567},AUTO}
DEBUG Thread-0 org.eclipse.jetty.util.component.ContainerLifeCycle - org.eclipse.jetty.server.Server@37db826d[9.4.8.v20171121] added {spark.embeddedserver.jetty.JettyHandler1257835924==dftMaxIdleSec=-1,MANAGED}
INFO Thread-0 spark.embeddedserver.jetty.EmbeddedJettyServer - == Spark has ignited ...
INFO Thread-0 spark.embeddedserver.jetty.EmbeddedJettyServer - >> Listening on 0.0.0.0:4567
DEBUG Thread-0 org.eclipse.jetty.util.component.AbstractLifeCycle - starting org.eclipse.jetty.server.Server@37db826d[9.4.8.v20171121]
DEBUG Thread-0 org.eclipse.jetty.util.component.ContainerLifeCycle - org.eclipse.jetty.server.Server@37db826d[9.4.8.v20171121] added {org.eclipse.jetty.server.handler.ErrorHandler@746ac8b9,AUTO}
INFO Thread-0 org.eclipse.jetty.server.Server - jetty-9.4.8.v20171121, build timestamp: 2017-11-21T21:27:37Z, git hash: 82b8fb23f757335bb3329d540ce37a2a2615f0a8
DEBUG Thread-0 org.eclipse.jetty.server.handler.AbstractHandler - starting org.eclipse.jetty.server.Server@37db826d[9.4.8.v20171121]
DEBUG Thread-0 org.eclipse.jetty.util.component.AbstractLifeCycle - starting QueuedThreadPool@qtp1777033779{STOPPED,8<=0<=200,i=0,q=0}
DEBUG Thread-0 org.eclipse.jetty.util.component.AbstractLifeCycle - STARTED @1553ms QueuedThreadPool@qtp1777033779{STARTED,8<=8<=200,i=8,q=0}
DEBUG Thread-0 org.eclipse.jetty.util.component.AbstractLifeCycle - starting spark.embeddedserver.jetty.JettyHandler1257835924==dftMaxIdleSec=-1
DEBUG Thread-0 org.eclipse.jetty.util.component.ContainerLifeCycle - spark.embeddedserver.jetty.JettyHandler1257835924==dftMaxIdleSec=-1 added {org.eclipse.jetty.server.session.DefaultSessionCache@4356c5bd[evict=-1,removeUnloadable=false,saveOnCreate=false,saveOnInactiveEvict=false],AUTO}
DEBUG Thread-0 org.eclipse.jetty.util.component.ContainerLifeCycle - org.eclipse.jetty.server.session.DefaultSessionCache@4356c5bd[evict=-1,removeUnloadable=false,saveOnCreate=false,saveOnInactiveEvict=false] added {org.eclipse.jetty.server.session.NullSessionDataStore@1fbda812[passivating=false,graceSec=3600],AUTO}
DEBUG Thread-0 org.eclipse.jetty.util.component.AbstractLifeCycle - starting org.eclipse.jetty.server.session.DefaultSessionIdManager@7e2f23f7[worker=null]
INFO Thread-0 org.eclipse.jetty.server.session - DefaultSessionIdManager workerName=node0
INFO Thread-0 org.eclipse.jetty.server.session - No SessionScavenger set, using defaults
DEBUG Thread-0 org.eclipse.jetty.util.component.ContainerLifeCycle - org.eclipse.jetty.server.session.DefaultSessionIdManager@7e2f23f7[worker=node0] added {org.eclipse.jetty.server.session.HouseKeeper@6bb9bcb6[interval=600000, ownscheduler=false],MANAGED}
DEBUG Thread-0 org.eclipse.jetty.util.component.AbstractLifeCycle - starting org.eclipse.jetty.server.session.HouseKeeper@6bb9bcb6[interval=600000, ownscheduler=false]
DEBUG Thread-0 org.eclipse.jetty.util.component.AbstractLifeCycle - starting org.eclipse.jetty.util.thread.ScheduledExecutorScheduler@1422073f
DEBUG Thread-0 org.eclipse.jetty.util.component.AbstractLifeCycle - STARTED @1604ms org.eclipse.jetty.util.thread.ScheduledExecutorScheduler@1422073f
DEBUG Thread-0 org.eclipse.jetty.server.session - Using own scheduler for scavenging
INFO Thread-0 org.eclipse.jetty.server.session - Scavenging every 600000ms
DEBUG Thread-0 org.eclipse.jetty.util.component.AbstractLifeCycle - STARTED @1608ms org.eclipse.jetty.server.session.HouseKeeper@6bb9bcb6[interval=600000, ownscheduler=true]
DEBUG Thread-0 org.eclipse.jetty.util.component.AbstractLifeCycle - STARTED @1609ms org.eclipse.jetty.server.session.DefaultSessionIdManager@7e2f23f7[worker=node0]
DEBUG Thread-0 org.eclipse.jetty.util.component.ContainerLifeCycle - org.eclipse.jetty.server.Server@37db826d[9.4.8.v20171121] added {org.eclipse.jetty.server.session.DefaultSessionIdManager@7e2f23f7[worker=node0],MANAGED}
DEBUG Thread-0 org.eclipse.jetty.util.component.ContainerLifeCycle - spark.embeddedserver.jetty.JettyHandler1257835924==dftMaxIdleSec=-1 added {org.eclipse.jetty.server.session.DefaultSessionIdManager@7e2f23f7[worker=node0],UNMANAGED}
DEBUG Thread-0 org.eclipse.jetty.util.component.AbstractLifeCycle - starting org.eclipse.jetty.util.thread.ScheduledExecutorScheduler@6b5239c2
DEBUG Thread-0 org.eclipse.jetty.util.component.AbstractLifeCycle - STARTED @1612ms org.eclipse.jetty.util.thread.ScheduledExecutorScheduler@6b5239c2
DEBUG Thread-0 org.eclipse.jetty.server.handler.AbstractHandler - starting spark.embeddedserver.jetty.JettyHandler1257835924==dftMaxIdleSec=-1
DEBUG Thread-0 org.eclipse.jetty.util.component.AbstractLifeCycle - starting org.eclipse.jetty.server.session.DefaultSessionCache@4356c5bd[evict=-1,removeUnloadable=false,saveOnCreate=false,saveOnInactiveEvict=false]
DEBUG Thread-0 org.eclipse.jetty.util.component.AbstractLifeCycle - starting org.eclipse.jetty.server.session.NullSessionDataStore@1fbda812[passivating=false,graceSec=3600]
DEBUG Thread-0 org.eclipse.jetty.util.component.AbstractLifeCycle - STARTED @1614ms org.eclipse.jetty.server.session.NullSessionDataStore@1fbda812[passivating=false,graceSec=3600]
DEBUG Thread-0 org.eclipse.jetty.util.component.AbstractLifeCycle - STARTED @1615ms org.eclipse.jetty.server.session.DefaultSessionCache@4356c5bd[evict=-1,removeUnloadable=false,saveOnCreate=false,saveOnInactiveEvict=false]
DEBUG Thread-0 org.eclipse.jetty.util.component.AbstractLifeCycle - STARTED @1615ms spark.embeddedserver.jetty.JettyHandler1257835924==dftMaxIdleSec=-1
DEBUG Thread-0 org.eclipse.jetty.util.component.AbstractLifeCycle - starting org.eclipse.jetty.server.handler.ErrorHandler@746ac8b9
DEBUG Thread-0 org.eclipse.jetty.server.handler.AbstractHandler - starting org.eclipse.jetty.server.handler.ErrorHandler@746ac8b9
DEBUG Thread-0 org.eclipse.jetty.util.component.AbstractLifeCycle - STARTED @1616ms org.eclipse.jetty.server.handler.ErrorHandler@746ac8b9
DEBUG Thread-0 org.eclipse.jetty.util.component.AbstractLifeCycle - starting ServerConnector@5e2ba09b{HTTP/1.1,[http/1.1]}{0.0.0.0:4567}
WARN Thread-0 org.eclipse.jetty.util.component.AbstractLifeCycle - FAILED ServerConnector@5e2ba09b{HTTP/1.1,[http/1.1]}{0.0.0.0:4567}: java.net.BindException: Address already in use
java.net.BindException: Address already in use
	at java.base/sun.nio.ch.Net.bind0(Native Method)
	at java.base/sun.nio.ch.Net.bind(Net.java:479)
	at java.base/sun.nio.ch.Net.bind(Net.java:468)
	at java.base/sun.nio.ch.ServerSocketChannelImpl.bind(ServerSocketChannelImpl.java:220)
	at java.base/sun.nio.ch.ServerSocketAdaptor.bind(ServerSocketAdaptor.java:88)
	at org.eclipse.jetty.server.ServerConnector.openAcceptChannel(ServerConnector.java:334)
	at org.eclipse.jetty.server.ServerConnector.open(ServerConnector.java:302)
	at org.eclipse.jetty.server.AbstractNetworkConnector.doStart(AbstractNetworkConnector.java:80)
	at org.eclipse.jetty.server.ServerConnector.doStart(ServerConnector.java:238)
	at org.eclipse.jetty.util.component.AbstractLifeCycle.start(AbstractLifeCycle.java:68)
	at org.eclipse.jetty.server.Server.doStart(Server.java:397)
	at org.eclipse.jetty.util.component.AbstractLifeCycle.start(AbstractLifeCycle.java:68)
	at spark.embeddedserver.jetty.EmbeddedJettyServer.ignite(EmbeddedJettyServer.java:149)
	at spark.Service.lambda$init$2(Service.java:549)
	at java.base/java.lang.Thread.run(Thread.java:832)
WARN Thread-0 org.eclipse.jetty.util.component.AbstractLifeCycle - FAILED org.eclipse.jetty.server.Server@37db826d[9.4.8.v20171121]: java.net.BindException: Address already in use
java.net.BindException: Address already in use
	at java.base/sun.nio.ch.Net.bind0(Native Method)
	at java.base/sun.nio.ch.Net.bind(Net.java:479)
	at java.base/sun.nio.ch.Net.bind(Net.java:468)
	at java.base/sun.nio.ch.ServerSocketChannelImpl.bind(ServerSocketChannelImpl.java:220)
	at java.base/sun.nio.ch.ServerSocketAdaptor.bind(ServerSocketAdaptor.java:88)
	at org.eclipse.jetty.server.ServerConnector.openAcceptChannel(ServerConnector.java:334)
	at org.eclipse.jetty.server.ServerConnector.open(ServerConnector.java:302)
	at org.eclipse.jetty.server.AbstractNetworkConnector.doStart(AbstractNetworkConnector.java:80)
	at org.eclipse.jetty.server.ServerConnector.doStart(ServerConnector.java:238)
	at org.eclipse.jetty.util.component.AbstractLifeCycle.start(AbstractLifeCycle.java:68)
	at org.eclipse.jetty.server.Server.doStart(Server.java:397)
	at org.eclipse.jetty.util.component.AbstractLifeCycle.start(AbstractLifeCycle.java:68)
	at spark.embeddedserver.jetty.EmbeddedJettyServer.ignite(EmbeddedJettyServer.java:149)
	at spark.Service.lambda$init$2(Service.java:549)
	at java.base/java.lang.Thread.run(Thread.java:832)
ERROR Thread-0 spark.Spark - ignite failed
java.net.BindException: Address already in use
	at java.base/sun.nio.ch.Net.bind0(Native Method)
	at java.base/sun.nio.ch.Net.bind(Net.java:479)
	at java.base/sun.nio.ch.Net.bind(Net.java:468)
	at java.base/sun.nio.ch.ServerSocketChannelImpl.bind(ServerSocketChannelImpl.java:220)
	at java.base/sun.nio.ch.ServerSocketAdaptor.bind(ServerSocketAdaptor.java:88)
	at org.eclipse.jetty.server.ServerConnector.openAcceptChannel(ServerConnector.java:334)
	at org.eclipse.jetty.server.ServerConnector.open(ServerConnector.java:302)
	at org.eclipse.jetty.server.AbstractNetworkConnector.doStart(AbstractNetworkConnector.java:80)
	at org.eclipse.jetty.server.ServerConnector.doStart(ServerConnector.java:238)
	at org.eclipse.jetty.util.component.AbstractLifeCycle.start(AbstractLifeCycle.java:68)
	at org.eclipse.jetty.server.Server.doStart(Server.java:397)
	at org.eclipse.jetty.util.component.AbstractLifeCycle.start(AbstractLifeCycle.java:68)
	at spark.embeddedserver.jetty.EmbeddedJettyServer.ignite(EmbeddedJettyServer.java:149)
	at spark.Service.lambda$init$2(Service.java:549)
	at java.base/java.lang.Thread.run(Thread.java:832)
INFO main org.flywaydb.core.internal.license.VersionPrinter - Flyway Community Edition 6.0.1 by Boxfuse
DEBUG main org.flywaydb.core.internal.scanner.classpath.ClassPathScanner - Scanning for classpath resources at 'classpath:db/migration' ...
DEBUG main org.flywaydb.core.internal.scanner.classpath.ClassPathScanner - Determining location urls for classpath:db/migration using ClassLoader jdk.internal.loader.ClassLoaders$AppClassLoader@3d4eac69 ...
DEBUG main org.flywaydb.core.internal.scanner.classpath.ClassPathScanner - Scanning URL: file:/Users/student/Makers/java/acebook-java-spark-template/target/classes/db/migration
DEBUG main org.flywaydb.core.internal.util.FeatureDetector - JBoss VFS v2 available: false
DEBUG main org.flywaydb.core.internal.scanner.classpath.FileSystemClassPathLocationScanner - Scanning starting at classpath root in filesystem: /Users/student/Makers/java/acebook-java-spark-template/target/classes/
DEBUG main org.flywaydb.core.internal.scanner.classpath.FileSystemClassPathLocationScanner - Scanning for resources in path: /Users/student/Makers/java/acebook-java-spark-template/target/classes/db/migration (db/migration)
DEBUG main org.flywaydb.core.internal.scanner.classpath.ClassPathScanner - Found resource: db/migration/V1__create_table.sql
DEBUG main org.flywaydb.core.internal.scanner.classpath.ClassPathScanner - Scanning for classes at classpath:db/migration
INFO main org.flywaydb.core.internal.database.DatabaseFactory - Database: jdbc:postgresql://localhost:5432/acebook (PostgreSQL 12.2)
DEBUG main org.flywaydb.core.internal.database.DatabaseFactory - Driver  : PostgreSQL Native Driver PostgreSQL 9.4 JDBC4.1 (build 1201)
DEBUG main org.flywaydb.core.Flyway - DDL Transactions Supported: true
DEBUG main org.flywaydb.core.Flyway - Schema: public
DEBUG main org.flywaydb.core.internal.callback.SqlScriptCallbackFactory - Scanning for SQL callbacks ...
DEBUG main org.flywaydb.core.internal.command.DbValidate - Validating migrations ...
DEBUG main org.flywaydb.core.internal.scanner.Scanner - Filtering out resource: db/migration/V1__create_table.sql (filename: V1__create_table.sql)
INFO main org.flywaydb.core.internal.command.DbValidate - Successfully validated 1 migration (execution time 00:00.062s)
INFO main org.flywaydb.core.internal.command.DbMigrate - Current version of schema "public": 1
INFO main org.flywaydb.core.internal.command.DbMigrate - Schema "public" is up to date. No migration necessary.
DEBUG main org.flywaydb.core.Flyway - Memory usage: 13 of 130M
DEBUG main spark.route.Routes - Adds route: get, /, spark.RouteImpl$1@43d7741f
DEBUG Thread-0 org.eclipse.jetty.util.log - Logging to org.slf4j.impl.Log4jLoggerAdapter(org.eclipse.jetty.util.log) via org.eclipse.jetty.util.log.Slf4jLog
INFO Thread-0 org.eclipse.jetty.util.log - Logging initialized @1626ms to org.eclipse.jetty.util.log.Slf4jLog
DEBUG main spark.route.Routes - Adds route: get, /posts, spark.TemplateViewRouteImpl$1@442675e1
DEBUG Thread-0 org.eclipse.jetty.util.component.ContainerLifeCycle - org.eclipse.jetty.server.Server@37db826d[9.4.8.v20171121] added {QueuedThreadPool@qtp1777033779{STOPPED,8<=0<=200,i=0,q=0},AUTO}
DEBUG Thread-0 org.eclipse.jetty.util.component.ContainerLifeCycle - HttpConnectionFactory@5a399018[HTTP/1.1] added {HttpConfiguration@3925b272{32768/8192,8192/8192,https://:0,[ForwardedRequestCustomizer@2bbbfdb9]},POJO}
DEBUG Thread-0 org.eclipse.jetty.util.component.ContainerLifeCycle - ServerConnector@5e2ba09b{null,[]}{0.0.0.0:0} added {org.eclipse.jetty.server.Server@37db826d[9.4.8.v20171121],UNMANAGED}
DEBUG Thread-0 org.eclipse.jetty.util.component.ContainerLifeCycle - ServerConnector@5e2ba09b{null,[]}{0.0.0.0:0} added {QueuedThreadPool@qtp1777033779{STOPPED,8<=0<=200,i=0,q=0},AUTO}
DEBUG Thread-0 org.eclipse.jetty.util.component.ContainerLifeCycle - ServerConnector@5e2ba09b{null,[]}{0.0.0.0:0} added {org.eclipse.jetty.util.thread.ScheduledExecutorScheduler@2ba84a58,AUTO}
DEBUG Thread-0 org.eclipse.jetty.util.component.ContainerLifeCycle - ServerConnector@5e2ba09b{null,[]}{0.0.0.0:0} added {org.eclipse.jetty.io.ArrayByteBufferPool@69683c22,POJO}
DEBUG Thread-0 org.eclipse.jetty.util.component.ContainerLifeCycle - ServerConnector@5e2ba09b{null,[http/1.1]}{0.0.0.0:0} added {HttpConnectionFactory@5a399018[HTTP/1.1],AUTO}
DEBUG Thread-0 org.eclipse.jetty.server.AbstractConnector - ServerConnector@5e2ba09b{HTTP/1.1,[http/1.1]}{0.0.0.0:0} added HttpConnectionFactory@5a399018[HTTP/1.1]
DEBUG Thread-0 org.eclipse.jetty.util.component.ContainerLifeCycle - ServerConnector@5e2ba09b{HTTP/1.1,[http/1.1]}{0.0.0.0:0} added {SelectorManager@ServerConnector@5e2ba09b{HTTP/1.1,[http/1.1]}{0.0.0.0:0},MANAGED}
DEBUG Thread-0 org.eclipse.jetty.util.component.ContainerLifeCycle - org.eclipse.jetty.server.Server@37db826d[9.4.8.v20171121] added {ServerConnector@5e2ba09b{HTTP/1.1,[http/1.1]}{0.0.0.0:4567},AUTO}
DEBUG Thread-0 org.eclipse.jetty.util.component.ContainerLifeCycle - org.eclipse.jetty.server.Server@37db826d[9.4.8.v20171121] added {spark.embeddedserver.jetty.JettyHandler1257835924==dftMaxIdleSec=-1,MANAGED}
INFO Thread-0 spark.embeddedserver.jetty.EmbeddedJettyServer - == Spark has ignited ...
INFO Thread-0 spark.embeddedserver.jetty.EmbeddedJettyServer - >> Listening on 0.0.0.0:4567
DEBUG Thread-0 org.eclipse.jetty.util.component.AbstractLifeCycle - starting org.eclipse.jetty.server.Server@37db826d[9.4.8.v20171121]
DEBUG Thread-0 org.eclipse.jetty.util.component.ContainerLifeCycle - org.eclipse.jetty.server.Server@37db826d[9.4.8.v20171121] added {org.eclipse.jetty.server.handler.ErrorHandler@746ac8b9,AUTO}
INFO Thread-0 org.eclipse.jetty.server.Server - jetty-9.4.8.v20171121, build timestamp: 2017-11-21T21:27:37Z, git hash: 82b8fb23f757335bb3329d540ce37a2a2615f0a8
DEBUG Thread-0 org.eclipse.jetty.server.handler.AbstractHandler - starting org.eclipse.jetty.server.Server@37db826d[9.4.8.v20171121]
DEBUG Thread-0 org.eclipse.jetty.util.component.AbstractLifeCycle - starting QueuedThreadPool@qtp1777033779{STOPPED,8<=0<=200,i=0,q=0}
DEBUG Thread-0 org.eclipse.jetty.util.component.AbstractLifeCycle - STARTED @1790ms QueuedThreadPool@qtp1777033779{STARTED,8<=8<=200,i=7,q=0}
DEBUG Thread-0 org.eclipse.jetty.util.component.AbstractLifeCycle - starting spark.embeddedserver.jetty.JettyHandler1257835924==dftMaxIdleSec=-1
DEBUG Thread-0 org.eclipse.jetty.util.component.ContainerLifeCycle - spark.embeddedserver.jetty.JettyHandler1257835924==dftMaxIdleSec=-1 added {org.eclipse.jetty.server.session.DefaultSessionCache@4356c5bd[evict=-1,removeUnloadable=false,saveOnCreate=false,saveOnInactiveEvict=false],AUTO}
DEBUG Thread-0 org.eclipse.jetty.util.component.ContainerLifeCycle - org.eclipse.jetty.server.session.DefaultSessionCache@4356c5bd[evict=-1,removeUnloadable=false,saveOnCreate=false,saveOnInactiveEvict=false] added {org.eclipse.jetty.server.session.NullSessionDataStore@1fbda812[passivating=false,graceSec=3600],AUTO}
DEBUG Thread-0 org.eclipse.jetty.util.component.AbstractLifeCycle - starting org.eclipse.jetty.server.session.DefaultSessionIdManager@7e2f23f7[worker=null]
INFO Thread-0 org.eclipse.jetty.server.session - DefaultSessionIdManager workerName=node0
INFO Thread-0 org.eclipse.jetty.server.session - No SessionScavenger set, using defaults
DEBUG Thread-0 org.eclipse.jetty.util.component.ContainerLifeCycle - org.eclipse.jetty.server.session.DefaultSessionIdManager@7e2f23f7[worker=node0] added {org.eclipse.jetty.server.session.HouseKeeper@6bb9bcb6[interval=600000, ownscheduler=false],MANAGED}
DEBUG Thread-0 org.eclipse.jetty.util.component.AbstractLifeCycle - starting org.eclipse.jetty.server.session.HouseKeeper@6bb9bcb6[interval=600000, ownscheduler=false]
DEBUG Thread-0 org.eclipse.jetty.util.component.AbstractLifeCycle - starting org.eclipse.jetty.util.thread.ScheduledExecutorScheduler@1422073f
DEBUG Thread-0 org.eclipse.jetty.util.component.AbstractLifeCycle - STARTED @1827ms org.eclipse.jetty.util.thread.ScheduledExecutorScheduler@1422073f
DEBUG Thread-0 org.eclipse.jetty.server.session - Using own scheduler for scavenging
INFO Thread-0 org.eclipse.jetty.server.session - Scavenging every 600000ms
DEBUG Thread-0 org.eclipse.jetty.util.component.AbstractLifeCycle - STARTED @1833ms org.eclipse.jetty.server.session.HouseKeeper@6bb9bcb6[interval=600000, ownscheduler=true]
DEBUG Thread-0 org.eclipse.jetty.util.component.AbstractLifeCycle - STARTED @1833ms org.eclipse.jetty.server.session.DefaultSessionIdManager@7e2f23f7[worker=node0]
DEBUG Thread-0 org.eclipse.jetty.util.component.ContainerLifeCycle - org.eclipse.jetty.server.Server@37db826d[9.4.8.v20171121] added {org.eclipse.jetty.server.session.DefaultSessionIdManager@7e2f23f7[worker=node0],MANAGED}
DEBUG Thread-0 org.eclipse.jetty.util.component.ContainerLifeCycle - spark.embeddedserver.jetty.JettyHandler1257835924==dftMaxIdleSec=-1 added {org.eclipse.jetty.server.session.DefaultSessionIdManager@7e2f23f7[worker=node0],UNMANAGED}
DEBUG Thread-0 org.eclipse.jetty.util.component.AbstractLifeCycle - starting org.eclipse.jetty.util.thread.ScheduledExecutorScheduler@6b5239c2
DEBUG Thread-0 org.eclipse.jetty.util.component.AbstractLifeCycle - STARTED @1835ms org.eclipse.jetty.util.thread.ScheduledExecutorScheduler@6b5239c2
DEBUG Thread-0 org.eclipse.jetty.server.handler.AbstractHandler - starting spark.embeddedserver.jetty.JettyHandler1257835924==dftMaxIdleSec=-1
DEBUG Thread-0 org.eclipse.jetty.util.component.AbstractLifeCycle - starting org.eclipse.jetty.server.session.DefaultSessionCache@4356c5bd[evict=-1,removeUnloadable=false,saveOnCreate=false,saveOnInactiveEvict=false]
DEBUG Thread-0 org.eclipse.jetty.util.component.AbstractLifeCycle - starting org.eclipse.jetty.server.session.NullSessionDataStore@1fbda812[passivating=false,graceSec=3600]
DEBUG Thread-0 org.eclipse.jetty.util.component.AbstractLifeCycle - STARTED @1838ms org.eclipse.jetty.server.session.NullSessionDataStore@1fbda812[passivating=false,graceSec=3600]
DEBUG Thread-0 org.eclipse.jetty.util.component.AbstractLifeCycle - STARTED @1838ms org.eclipse.jetty.server.session.DefaultSessionCache@4356c5bd[evict=-1,removeUnloadable=false,saveOnCreate=false,saveOnInactiveEvict=false]
DEBUG Thread-0 org.eclipse.jetty.util.component.AbstractLifeCycle - STARTED @1838ms spark.embeddedserver.jetty.JettyHandler1257835924==dftMaxIdleSec=-1
DEBUG Thread-0 org.eclipse.jetty.util.component.AbstractLifeCycle - starting org.eclipse.jetty.server.handler.ErrorHandler@746ac8b9
DEBUG Thread-0 org.eclipse.jetty.server.handler.AbstractHandler - starting org.eclipse.jetty.server.handler.ErrorHandler@746ac8b9
DEBUG Thread-0 org.eclipse.jetty.util.component.AbstractLifeCycle - STARTED @1839ms org.eclipse.jetty.server.handler.ErrorHandler@746ac8b9
DEBUG Thread-0 org.eclipse.jetty.util.component.AbstractLifeCycle - starting ServerConnector@5e2ba09b{HTTP/1.1,[http/1.1]}{0.0.0.0:4567}
WARN Thread-0 org.eclipse.jetty.util.component.AbstractLifeCycle - FAILED ServerConnector@5e2ba09b{HTTP/1.1,[http/1.1]}{0.0.0.0:4567}: java.net.BindException: Address already in use
java.net.BindException: Address already in use
	at java.base/sun.nio.ch.Net.bind0(Native Method)
	at java.base/sun.nio.ch.Net.bind(Net.java:479)
	at java.base/sun.nio.ch.Net.bind(Net.java:468)
	at java.base/sun.nio.ch.ServerSocketChannelImpl.bind(ServerSocketChannelImpl.java:220)
	at java.base/sun.nio.ch.ServerSocketAdaptor.bind(ServerSocketAdaptor.java:88)
	at org.eclipse.jetty.server.ServerConnector.openAcceptChannel(ServerConnector.java:334)
	at org.eclipse.jetty.server.ServerConnector.open(ServerConnector.java:302)
	at org.eclipse.jetty.server.AbstractNetworkConnector.doStart(AbstractNetworkConnector.java:80)
	at org.eclipse.jetty.server.ServerConnector.doStart(ServerConnector.java:238)
	at org.eclipse.jetty.util.component.AbstractLifeCycle.start(AbstractLifeCycle.java:68)
	at org.eclipse.jetty.server.Server.doStart(Server.java:397)
	at org.eclipse.jetty.util.component.AbstractLifeCycle.start(AbstractLifeCycle.java:68)
	at spark.embeddedserver.jetty.EmbeddedJettyServer.ignite(EmbeddedJettyServer.java:149)
	at spark.Service.lambda$init$2(Service.java:549)
	at java.base/java.lang.Thread.run(Thread.java:832)
WARN Thread-0 org.eclipse.jetty.util.component.AbstractLifeCycle - FAILED org.eclipse.jetty.server.Server@37db826d[9.4.8.v20171121]: java.net.BindException: Address already in use
java.net.BindException: Address already in use
	at java.base/sun.nio.ch.Net.bind0(Native Method)
	at java.base/sun.nio.ch.Net.bind(Net.java:479)
	at java.base/sun.nio.ch.Net.bind(Net.java:468)
	at java.base/sun.nio.ch.ServerSocketChannelImpl.bind(ServerSocketChannelImpl.java:220)
	at java.base/sun.nio.ch.ServerSocketAdaptor.bind(ServerSocketAdaptor.java:88)
	at org.eclipse.jetty.server.ServerConnector.openAcceptChannel(ServerConnector.java:334)
	at org.eclipse.jetty.server.ServerConnector.open(ServerConnector.java:302)
	at org.eclipse.jetty.server.AbstractNetworkConnector.doStart(AbstractNetworkConnector.java:80)
	at org.eclipse.jetty.server.ServerConnector.doStart(ServerConnector.java:238)
	at org.eclipse.jetty.util.component.AbstractLifeCycle.start(AbstractLifeCycle.java:68)
	at org.eclipse.jetty.server.Server.doStart(Server.java:397)
	at org.eclipse.jetty.util.component.AbstractLifeCycle.start(AbstractLifeCycle.java:68)
	at spark.embeddedserver.jetty.EmbeddedJettyServer.ignite(EmbeddedJettyServer.java:149)
	at spark.Service.lambda$init$2(Service.java:549)
	at java.base/java.lang.Thread.run(Thread.java:832)
ERROR Thread-0 spark.Spark - ignite failed
java.net.BindException: Address already in use
	at java.base/sun.nio.ch.Net.bind0(Native Method)
	at java.base/sun.nio.ch.Net.bind(Net.java:479)
	at java.base/sun.nio.ch.Net.bind(Net.java:468)
	at java.base/sun.nio.ch.ServerSocketChannelImpl.bind(ServerSocketChannelImpl.java:220)
	at java.base/sun.nio.ch.ServerSocketAdaptor.bind(ServerSocketAdaptor.java:88)
	at org.eclipse.jetty.server.ServerConnector.openAcceptChannel(ServerConnector.java:334)
	at org.eclipse.jetty.server.ServerConnector.open(ServerConnector.java:302)
	at org.eclipse.jetty.server.AbstractNetworkConnector.doStart(AbstractNetworkConnector.java:80)
	at org.eclipse.jetty.server.ServerConnector.doStart(ServerConnector.java:238)
	at org.eclipse.jetty.util.component.AbstractLifeCycle.start(AbstractLifeCycle.java:68)
	at org.eclipse.jetty.server.Server.doStart(Server.java:397)
	at org.eclipse.jetty.util.component.AbstractLifeCycle.start(AbstractLifeCycle.java:68)
	at spark.embeddedserver.jetty.EmbeddedJettyServer.ignite(EmbeddedJettyServer.java:149)
	at spark.Service.lambda$init$2(Service.java:549)
	at java.base/java.lang.Thread.run(Thread.java:832)
INFO main org.flywaydb.core.internal.license.VersionPrinter - Flyway Community Edition 6.0.1 by Boxfuse
DEBUG main org.flywaydb.core.internal.scanner.classpath.ClassPathScanner - Scanning for classpath resources at 'classpath:db/migration' ...
DEBUG main org.flywaydb.core.internal.scanner.classpath.ClassPathScanner - Determining location urls for classpath:db/migration using ClassLoader jdk.internal.loader.ClassLoaders$AppClassLoader@3d4eac69 ...
DEBUG main org.flywaydb.core.internal.scanner.classpath.ClassPathScanner - Scanning URL: file:/Users/student/Makers/java/acebook-java-spark-template/target/classes/db/migration
DEBUG main org.flywaydb.core.internal.util.FeatureDetector - JBoss VFS v2 available: false
DEBUG main org.flywaydb.core.internal.scanner.classpath.FileSystemClassPathLocationScanner - Scanning starting at classpath root in filesystem: /Users/student/Makers/java/acebook-java-spark-template/target/classes/
DEBUG main org.flywaydb.core.internal.scanner.classpath.FileSystemClassPathLocationScanner - Scanning for resources in path: /Users/student/Makers/java/acebook-java-spark-template/target/classes/db/migration (db/migration)
DEBUG main org.flywaydb.core.internal.scanner.classpath.ClassPathScanner - Found resource: db/migration/V1__create_table.sql
DEBUG main org.flywaydb.core.internal.scanner.classpath.ClassPathScanner - Scanning for classes at classpath:db/migration
INFO main org.flywaydb.core.internal.database.DatabaseFactory - Database: jdbc:postgresql://localhost:5432/acebook (PostgreSQL 12.2)
DEBUG main org.flywaydb.core.internal.database.DatabaseFactory - Driver  : PostgreSQL Native Driver PostgreSQL 9.4 JDBC4.1 (build 1201)
DEBUG main org.flywaydb.core.Flyway - DDL Transactions Supported: true
DEBUG main org.flywaydb.core.Flyway - Schema: public
DEBUG main org.flywaydb.core.internal.callback.SqlScriptCallbackFactory - Scanning for SQL callbacks ...
DEBUG main org.flywaydb.core.internal.command.DbValidate - Validating migrations ...
DEBUG main org.flywaydb.core.internal.scanner.Scanner - Filtering out resource: db/migration/V1__create_table.sql (filename: V1__create_table.sql)
INFO main org.flywaydb.core.internal.command.DbValidate - Successfully validated 1 migration (execution time 00:00.091s)
INFO main org.flywaydb.core.internal.command.DbMigrate - Current version of schema "public": 1
INFO main org.flywaydb.core.internal.command.DbMigrate - Schema "public" is up to date. No migration necessary.
DEBUG main org.flywaydb.core.Flyway - Memory usage: 13 of 130M
DEBUG main spark.route.Routes - Adds route: get, /, spark.RouteImpl$1@2698dc7
DEBUG Thread-0 org.eclipse.jetty.util.log - Logging to org.slf4j.impl.Log4jLoggerAdapter(org.eclipse.jetty.util.log) via org.eclipse.jetty.util.log.Slf4jLog
DEBUG main spark.route.Routes - Adds route: get, /posts, spark.TemplateViewRouteImpl$1@71248c21
INFO Thread-0 org.eclipse.jetty.util.log - Logging initialized @2181ms to org.eclipse.jetty.util.log.Slf4jLog
DEBUG Thread-0 org.eclipse.jetty.util.component.ContainerLifeCycle - org.eclipse.jetty.server.Server@37db826d[9.4.8.v20171121] added {QueuedThreadPool@qtp1777033779{STOPPED,8<=0<=200,i=0,q=0},AUTO}
DEBUG Thread-0 org.eclipse.jetty.util.component.ContainerLifeCycle - HttpConnectionFactory@5a399018[HTTP/1.1] added {HttpConfiguration@3925b272{32768/8192,8192/8192,https://:0,[ForwardedRequestCustomizer@2bbbfdb9]},POJO}
DEBUG Thread-0 org.eclipse.jetty.util.component.ContainerLifeCycle - ServerConnector@5e2ba09b{null,[]}{0.0.0.0:0} added {org.eclipse.jetty.server.Server@37db826d[9.4.8.v20171121],UNMANAGED}
DEBUG Thread-0 org.eclipse.jetty.util.component.ContainerLifeCycle - ServerConnector@5e2ba09b{null,[]}{0.0.0.0:0} added {QueuedThreadPool@qtp1777033779{STOPPED,8<=0<=200,i=0,q=0},AUTO}
DEBUG Thread-0 org.eclipse.jetty.util.component.ContainerLifeCycle - ServerConnector@5e2ba09b{null,[]}{0.0.0.0:0} added {org.eclipse.jetty.util.thread.ScheduledExecutorScheduler@2ba84a58,AUTO}
DEBUG Thread-0 org.eclipse.jetty.util.component.ContainerLifeCycle - ServerConnector@5e2ba09b{null,[]}{0.0.0.0:0} added {org.eclipse.jetty.io.ArrayByteBufferPool@69683c22,POJO}
DEBUG Thread-0 org.eclipse.jetty.util.component.ContainerLifeCycle - ServerConnector@5e2ba09b{null,[http/1.1]}{0.0.0.0:0} added {HttpConnectionFactory@5a399018[HTTP/1.1],AUTO}
DEBUG Thread-0 org.eclipse.jetty.server.AbstractConnector - ServerConnector@5e2ba09b{HTTP/1.1,[http/1.1]}{0.0.0.0:0} added HttpConnectionFactory@5a399018[HTTP/1.1]
DEBUG Thread-0 org.eclipse.jetty.util.component.ContainerLifeCycle - ServerConnector@5e2ba09b{HTTP/1.1,[http/1.1]}{0.0.0.0:0} added {SelectorManager@ServerConnector@5e2ba09b{HTTP/1.1,[http/1.1]}{0.0.0.0:0},MANAGED}
DEBUG Thread-0 org.eclipse.jetty.util.component.ContainerLifeCycle - org.eclipse.jetty.server.Server@37db826d[9.4.8.v20171121] added {ServerConnector@5e2ba09b{HTTP/1.1,[http/1.1]}{0.0.0.0:4567},AUTO}
DEBUG Thread-0 org.eclipse.jetty.util.component.ContainerLifeCycle - org.eclipse.jetty.server.Server@37db826d[9.4.8.v20171121] added {spark.embeddedserver.jetty.JettyHandler1257835924==dftMaxIdleSec=-1,MANAGED}
INFO Thread-0 spark.embeddedserver.jetty.EmbeddedJettyServer - == Spark has ignited ...
INFO Thread-0 spark.embeddedserver.jetty.EmbeddedJettyServer - >> Listening on 0.0.0.0:4567
DEBUG Thread-0 org.eclipse.jetty.util.component.AbstractLifeCycle - starting org.eclipse.jetty.server.Server@37db826d[9.4.8.v20171121]
DEBUG Thread-0 org.eclipse.jetty.util.component.ContainerLifeCycle - org.eclipse.jetty.server.Server@37db826d[9.4.8.v20171121] added {org.eclipse.jetty.server.handler.ErrorHandler@746ac8b9,AUTO}
INFO Thread-0 org.eclipse.jetty.server.Server - jetty-9.4.8.v20171121, build timestamp: 2017-11-21T21:27:37Z, git hash: 82b8fb23f757335bb3329d540ce37a2a2615f0a8
DEBUG Thread-0 org.eclipse.jetty.server.handler.AbstractHandler - starting org.eclipse.jetty.server.Server@37db826d[9.4.8.v20171121]
DEBUG Thread-0 org.eclipse.jetty.util.component.AbstractLifeCycle - starting QueuedThreadPool@qtp1777033779{STOPPED,8<=0<=200,i=0,q=0}
DEBUG Thread-0 org.eclipse.jetty.util.component.AbstractLifeCycle - STARTED @2355ms QueuedThreadPool@qtp1777033779{STARTED,8<=8<=200,i=8,q=0}
DEBUG Thread-0 org.eclipse.jetty.util.component.AbstractLifeCycle - starting spark.embeddedserver.jetty.JettyHandler1257835924==dftMaxIdleSec=-1
DEBUG Thread-0 org.eclipse.jetty.util.component.ContainerLifeCycle - spark.embeddedserver.jetty.JettyHandler1257835924==dftMaxIdleSec=-1 added {org.eclipse.jetty.server.session.DefaultSessionCache@4356c5bd[evict=-1,removeUnloadable=false,saveOnCreate=false,saveOnInactiveEvict=false],AUTO}
DEBUG Thread-0 org.eclipse.jetty.util.component.ContainerLifeCycle - org.eclipse.jetty.server.session.DefaultSessionCache@4356c5bd[evict=-1,removeUnloadable=false,saveOnCreate=false,saveOnInactiveEvict=false] added {org.eclipse.jetty.server.session.NullSessionDataStore@1fbda812[passivating=false,graceSec=3600],AUTO}
DEBUG Thread-0 org.eclipse.jetty.util.component.AbstractLifeCycle - starting org.eclipse.jetty.server.session.DefaultSessionIdManager@7e2f23f7[worker=null]
INFO Thread-0 org.eclipse.jetty.server.session - DefaultSessionIdManager workerName=node0
INFO Thread-0 org.eclipse.jetty.server.session - No SessionScavenger set, using defaults
DEBUG Thread-0 org.eclipse.jetty.util.component.ContainerLifeCycle - org.eclipse.jetty.server.session.DefaultSessionIdManager@7e2f23f7[worker=node0] added {org.eclipse.jetty.server.session.HouseKeeper@6bb9bcb6[interval=600000, ownscheduler=false],MANAGED}
DEBUG Thread-0 org.eclipse.jetty.util.component.AbstractLifeCycle - starting org.eclipse.jetty.server.session.HouseKeeper@6bb9bcb6[interval=600000, ownscheduler=false]
DEBUG Thread-0 org.eclipse.jetty.util.component.AbstractLifeCycle - starting org.eclipse.jetty.util.thread.ScheduledExecutorScheduler@1422073f
DEBUG Thread-0 org.eclipse.jetty.util.component.AbstractLifeCycle - STARTED @2514ms org.eclipse.jetty.util.thread.ScheduledExecutorScheduler@1422073f
DEBUG Thread-0 org.eclipse.jetty.server.session - Using own scheduler for scavenging
INFO Thread-0 org.eclipse.jetty.server.session - Scavenging every 600000ms
DEBUG Thread-0 org.eclipse.jetty.util.component.AbstractLifeCycle - STARTED @2520ms org.eclipse.jetty.server.session.HouseKeeper@6bb9bcb6[interval=600000, ownscheduler=true]
DEBUG Thread-0 org.eclipse.jetty.util.component.AbstractLifeCycle - STARTED @2520ms org.eclipse.jetty.server.session.DefaultSessionIdManager@7e2f23f7[worker=node0]
DEBUG Thread-0 org.eclipse.jetty.util.component.ContainerLifeCycle - org.eclipse.jetty.server.Server@37db826d[9.4.8.v20171121] added {org.eclipse.jetty.server.session.DefaultSessionIdManager@7e2f23f7[worker=node0],MANAGED}
DEBUG Thread-0 org.eclipse.jetty.util.component.ContainerLifeCycle - spark.embeddedserver.jetty.JettyHandler1257835924==dftMaxIdleSec=-1 added {org.eclipse.jetty.server.session.DefaultSessionIdManager@7e2f23f7[worker=node0],UNMANAGED}
DEBUG Thread-0 org.eclipse.jetty.util.component.AbstractLifeCycle - starting org.eclipse.jetty.util.thread.ScheduledExecutorScheduler@6b5239c2
DEBUG Thread-0 org.eclipse.jetty.util.component.AbstractLifeCycle - STARTED @2523ms org.eclipse.jetty.util.thread.ScheduledExecutorScheduler@6b5239c2
DEBUG Thread-0 org.eclipse.jetty.server.handler.AbstractHandler - starting spark.embeddedserver.jetty.JettyHandler1257835924==dftMaxIdleSec=-1
DEBUG Thread-0 org.eclipse.jetty.util.component.AbstractLifeCycle - starting org.eclipse.jetty.server.session.DefaultSessionCache@4356c5bd[evict=-1,removeUnloadable=false,saveOnCreate=false,saveOnInactiveEvict=false]
DEBUG Thread-0 org.eclipse.jetty.util.component.AbstractLifeCycle - starting org.eclipse.jetty.server.session.NullSessionDataStore@1fbda812[passivating=false,graceSec=3600]
DEBUG Thread-0 org.eclipse.jetty.util.component.AbstractLifeCycle - STARTED @2530ms org.eclipse.jetty.server.session.NullSessionDataStore@1fbda812[passivating=false,graceSec=3600]
DEBUG Thread-0 org.eclipse.jetty.util.component.AbstractLifeCycle - STARTED @2531ms org.eclipse.jetty.server.session.DefaultSessionCache@4356c5bd[evict=-1,removeUnloadable=false,saveOnCreate=false,saveOnInactiveEvict=false]
DEBUG Thread-0 org.eclipse.jetty.util.component.AbstractLifeCycle - STARTED @2533ms spark.embeddedserver.jetty.JettyHandler1257835924==dftMaxIdleSec=-1
DEBUG Thread-0 org.eclipse.jetty.util.component.AbstractLifeCycle - starting org.eclipse.jetty.server.handler.ErrorHandler@746ac8b9
DEBUG Thread-0 org.eclipse.jetty.server.handler.AbstractHandler - starting org.eclipse.jetty.server.handler.ErrorHandler@746ac8b9
DEBUG Thread-0 org.eclipse.jetty.util.component.AbstractLifeCycle - STARTED @2534ms org.eclipse.jetty.server.handler.ErrorHandler@746ac8b9
DEBUG Thread-0 org.eclipse.jetty.util.component.AbstractLifeCycle - starting ServerConnector@5e2ba09b{HTTP/1.1,[http/1.1]}{0.0.0.0:4567}
WARN Thread-0 org.eclipse.jetty.util.component.AbstractLifeCycle - FAILED ServerConnector@5e2ba09b{HTTP/1.1,[http/1.1]}{0.0.0.0:4567}: java.net.BindException: Address already in use
java.net.BindException: Address already in use
	at java.base/sun.nio.ch.Net.bind0(Native Method)
	at java.base/sun.nio.ch.Net.bind(Net.java:479)
	at java.base/sun.nio.ch.Net.bind(Net.java:468)
	at java.base/sun.nio.ch.ServerSocketChannelImpl.bind(ServerSocketChannelImpl.java:220)
	at java.base/sun.nio.ch.ServerSocketAdaptor.bind(ServerSocketAdaptor.java:88)
	at org.eclipse.jetty.server.ServerConnector.openAcceptChannel(ServerConnector.java:334)
	at org.eclipse.jetty.server.ServerConnector.open(ServerConnector.java:302)
	at org.eclipse.jetty.server.AbstractNetworkConnector.doStart(AbstractNetworkConnector.java:80)
	at org.eclipse.jetty.server.ServerConnector.doStart(ServerConnector.java:238)
	at org.eclipse.jetty.util.component.AbstractLifeCycle.start(AbstractLifeCycle.java:68)
	at org.eclipse.jetty.server.Server.doStart(Server.java:397)
	at org.eclipse.jetty.util.component.AbstractLifeCycle.start(AbstractLifeCycle.java:68)
	at spark.embeddedserver.jetty.EmbeddedJettyServer.ignite(EmbeddedJettyServer.java:149)
	at spark.Service.lambda$init$2(Service.java:549)
	at java.base/java.lang.Thread.run(Thread.java:832)
WARN Thread-0 org.eclipse.jetty.util.component.AbstractLifeCycle - FAILED org.eclipse.jetty.server.Server@37db826d[9.4.8.v20171121]: java.net.BindException: Address already in use
java.net.BindException: Address already in use
	at java.base/sun.nio.ch.Net.bind0(Native Method)
	at java.base/sun.nio.ch.Net.bind(Net.java:479)
	at java.base/sun.nio.ch.Net.bind(Net.java:468)
	at java.base/sun.nio.ch.ServerSocketChannelImpl.bind(ServerSocketChannelImpl.java:220)
	at java.base/sun.nio.ch.ServerSocketAdaptor.bind(ServerSocketAdaptor.java:88)
	at org.eclipse.jetty.server.ServerConnector.openAcceptChannel(ServerConnector.java:334)
	at org.eclipse.jetty.server.ServerConnector.open(ServerConnector.java:302)
	at org.eclipse.jetty.server.AbstractNetworkConnector.doStart(AbstractNetworkConnector.java:80)
	at org.eclipse.jetty.server.ServerConnector.doStart(ServerConnector.java:238)
	at org.eclipse.jetty.util.component.AbstractLifeCycle.start(AbstractLifeCycle.java:68)
	at org.eclipse.jetty.server.Server.doStart(Server.java:397)
	at org.eclipse.jetty.util.component.AbstractLifeCycle.start(AbstractLifeCycle.java:68)
	at spark.embeddedserver.jetty.EmbeddedJettyServer.ignite(EmbeddedJettyServer.java:149)
	at spark.Service.lambda$init$2(Service.java:549)
	at java.base/java.lang.Thread.run(Thread.java:832)
ERROR Thread-0 spark.Spark - ignite failed
java.net.BindException: Address already in use
	at java.base/sun.nio.ch.Net.bind0(Native Method)
	at java.base/sun.nio.ch.Net.bind(Net.java:479)
	at java.base/sun.nio.ch.Net.bind(Net.java:468)
	at java.base/sun.nio.ch.ServerSocketChannelImpl.bind(ServerSocketChannelImpl.java:220)
	at java.base/sun.nio.ch.ServerSocketAdaptor.bind(ServerSocketAdaptor.java:88)
	at org.eclipse.jetty.server.ServerConnector.openAcceptChannel(ServerConnector.java:334)
	at org.eclipse.jetty.server.ServerConnector.open(ServerConnector.java:302)
	at org.eclipse.jetty.server.AbstractNetworkConnector.doStart(AbstractNetworkConnector.java:80)
	at org.eclipse.jetty.server.ServerConnector.doStart(ServerConnector.java:238)
	at org.eclipse.jetty.util.component.AbstractLifeCycle.start(AbstractLifeCycle.java:68)
	at org.eclipse.jetty.server.Server.doStart(Server.java:397)
	at org.eclipse.jetty.util.component.AbstractLifeCycle.start(AbstractLifeCycle.java:68)
	at spark.embeddedserver.jetty.EmbeddedJettyServer.ignite(EmbeddedJettyServer.java:149)
	at spark.Service.lambda$init$2(Service.java:549)
	at java.base/java.lang.Thread.run(Thread.java:832)
INFO main org.flywaydb.core.internal.license.VersionPrinter - Flyway Community Edition 6.0.1 by Boxfuse
DEBUG main org.flywaydb.core.internal.scanner.classpath.ClassPathScanner - Scanning for classpath resources at 'classpath:db/migration' ...
DEBUG main org.flywaydb.core.internal.scanner.classpath.ClassPathScanner - Determining location urls for classpath:db/migration using ClassLoader jdk.internal.loader.ClassLoaders$AppClassLoader@3d4eac69 ...
DEBUG main org.flywaydb.core.internal.scanner.classpath.ClassPathScanner - Scanning URL: file:/Users/student/Makers/java/acebook-java-spark-template/target/classes/db/migration
DEBUG main org.flywaydb.core.internal.util.FeatureDetector - JBoss VFS v2 available: false
DEBUG main org.flywaydb.core.internal.scanner.classpath.FileSystemClassPathLocationScanner - Scanning starting at classpath root in filesystem: /Users/student/Makers/java/acebook-java-spark-template/target/classes/
DEBUG main org.flywaydb.core.internal.scanner.classpath.FileSystemClassPathLocationScanner - Scanning for resources in path: /Users/student/Makers/java/acebook-java-spark-template/target/classes/db/migration (db/migration)
DEBUG main org.flywaydb.core.internal.scanner.classpath.ClassPathScanner - Found resource: db/migration/V1__create_table.sql
DEBUG main org.flywaydb.core.internal.scanner.classpath.ClassPathScanner - Scanning for classes at classpath:db/migration
INFO main org.flywaydb.core.internal.database.DatabaseFactory - Database: jdbc:postgresql://localhost:5432/acebook (PostgreSQL 12.2)
DEBUG main org.flywaydb.core.internal.database.DatabaseFactory - Driver  : PostgreSQL Native Driver PostgreSQL 9.4 JDBC4.1 (build 1201)
DEBUG main org.flywaydb.core.Flyway - DDL Transactions Supported: true
DEBUG main org.flywaydb.core.Flyway - Schema: public
DEBUG main org.flywaydb.core.internal.callback.SqlScriptCallbackFactory - Scanning for SQL callbacks ...
DEBUG main org.flywaydb.core.internal.command.DbValidate - Validating migrations ...
DEBUG main org.flywaydb.core.internal.scanner.Scanner - Filtering out resource: db/migration/V1__create_table.sql (filename: V1__create_table.sql)
INFO main org.flywaydb.core.internal.command.DbValidate - Successfully validated 1 migration (execution time 00:00.136s)
INFO main org.flywaydb.core.internal.command.DbMigrate - Current version of schema "public": 1
INFO main org.flywaydb.core.internal.command.DbMigrate - Schema "public" is up to date. No migration necessary.
DEBUG main org.flywaydb.core.Flyway - Memory usage: 13 of 130M
DEBUG main spark.route.Routes - Adds route: get, /, spark.RouteImpl$1@73d4cc9e
DEBUG Thread-0 org.eclipse.jetty.util.log - Logging to org.slf4j.impl.Log4jLoggerAdapter(org.eclipse.jetty.util.log) via org.eclipse.jetty.util.log.Slf4jLog
INFO Thread-0 org.eclipse.jetty.util.log - Logging initialized @2623ms to org.eclipse.jetty.util.log.Slf4jLog
DEBUG main spark.route.Routes - Adds route: get, /posts, spark.TemplateViewRouteImpl$1@1445d7f
DEBUG Thread-0 org.eclipse.jetty.util.component.ContainerLifeCycle - org.eclipse.jetty.server.Server@37db826d[9.4.8.v20171121] added {QueuedThreadPool@qtp1777033779{STOPPED,8<=0<=200,i=0,q=0},AUTO}
DEBUG Thread-0 org.eclipse.jetty.util.component.ContainerLifeCycle - HttpConnectionFactory@5a399018[HTTP/1.1] added {HttpConfiguration@3925b272{32768/8192,8192/8192,https://:0,[ForwardedRequestCustomizer@2bbbfdb9]},POJO}
DEBUG Thread-0 org.eclipse.jetty.util.component.ContainerLifeCycle - ServerConnector@5e2ba09b{null,[]}{0.0.0.0:0} added {org.eclipse.jetty.server.Server@37db826d[9.4.8.v20171121],UNMANAGED}
DEBUG Thread-0 org.eclipse.jetty.util.component.ContainerLifeCycle - ServerConnector@5e2ba09b{null,[]}{0.0.0.0:0} added {QueuedThreadPool@qtp1777033779{STOPPED,8<=0<=200,i=0,q=0},AUTO}
DEBUG Thread-0 org.eclipse.jetty.util.component.ContainerLifeCycle - ServerConnector@5e2ba09b{null,[]}{0.0.0.0:0} added {org.eclipse.jetty.util.thread.ScheduledExecutorScheduler@2ba84a58,AUTO}
DEBUG Thread-0 org.eclipse.jetty.util.component.ContainerLifeCycle - ServerConnector@5e2ba09b{null,[]}{0.0.0.0:0} added {org.eclipse.jetty.io.ArrayByteBufferPool@69683c22,POJO}
DEBUG Thread-0 org.eclipse.jetty.util.component.ContainerLifeCycle - ServerConnector@5e2ba09b{null,[http/1.1]}{0.0.0.0:0} added {HttpConnectionFactory@5a399018[HTTP/1.1],AUTO}
DEBUG Thread-0 org.eclipse.jetty.server.AbstractConnector - ServerConnector@5e2ba09b{HTTP/1.1,[http/1.1]}{0.0.0.0:0} added HttpConnectionFactory@5a399018[HTTP/1.1]
DEBUG Thread-0 org.eclipse.jetty.util.component.ContainerLifeCycle - ServerConnector@5e2ba09b{HTTP/1.1,[http/1.1]}{0.0.0.0:0} added {SelectorManager@ServerConnector@5e2ba09b{HTTP/1.1,[http/1.1]}{0.0.0.0:0},MANAGED}
DEBUG Thread-0 org.eclipse.jetty.util.component.ContainerLifeCycle - org.eclipse.jetty.server.Server@37db826d[9.4.8.v20171121] added {ServerConnector@5e2ba09b{HTTP/1.1,[http/1.1]}{0.0.0.0:4567},AUTO}
DEBUG Thread-0 org.eclipse.jetty.util.component.ContainerLifeCycle - org.eclipse.jetty.server.Server@37db826d[9.4.8.v20171121] added {spark.embeddedserver.jetty.JettyHandler1257835924==dftMaxIdleSec=-1,MANAGED}
INFO Thread-0 spark.embeddedserver.jetty.EmbeddedJettyServer - == Spark has ignited ...
INFO Thread-0 spark.embeddedserver.jetty.EmbeddedJettyServer - >> Listening on 0.0.0.0:4567
DEBUG Thread-0 org.eclipse.jetty.util.component.AbstractLifeCycle - starting org.eclipse.jetty.server.Server@37db826d[9.4.8.v20171121]
DEBUG Thread-0 org.eclipse.jetty.util.component.ContainerLifeCycle - org.eclipse.jetty.server.Server@37db826d[9.4.8.v20171121] added {org.eclipse.jetty.server.handler.ErrorHandler@746ac8b9,AUTO}
INFO Thread-0 org.eclipse.jetty.server.Server - jetty-9.4.8.v20171121, build timestamp: 2017-11-21T21:27:37Z, git hash: 82b8fb23f757335bb3329d540ce37a2a2615f0a8
DEBUG Thread-0 org.eclipse.jetty.server.handler.AbstractHandler - starting org.eclipse.jetty.server.Server@37db826d[9.4.8.v20171121]
DEBUG Thread-0 org.eclipse.jetty.util.component.AbstractLifeCycle - starting QueuedThreadPool@qtp1777033779{STOPPED,8<=0<=200,i=0,q=0}
DEBUG Thread-0 org.eclipse.jetty.util.component.AbstractLifeCycle - STARTED @3020ms QueuedThreadPool@qtp1777033779{STARTED,8<=8<=200,i=8,q=0}
DEBUG Thread-0 org.eclipse.jetty.util.component.AbstractLifeCycle - starting spark.embeddedserver.jetty.JettyHandler1257835924==dftMaxIdleSec=-1
DEBUG Thread-0 org.eclipse.jetty.util.component.ContainerLifeCycle - spark.embeddedserver.jetty.JettyHandler1257835924==dftMaxIdleSec=-1 added {org.eclipse.jetty.server.session.DefaultSessionCache@4356c5bd[evict=-1,removeUnloadable=false,saveOnCreate=false,saveOnInactiveEvict=false],AUTO}
DEBUG Thread-0 org.eclipse.jetty.util.component.ContainerLifeCycle - org.eclipse.jetty.server.session.DefaultSessionCache@4356c5bd[evict=-1,removeUnloadable=false,saveOnCreate=false,saveOnInactiveEvict=false] added {org.eclipse.jetty.server.session.NullSessionDataStore@1fbda812[passivating=false,graceSec=3600],AUTO}
DEBUG Thread-0 org.eclipse.jetty.util.component.AbstractLifeCycle - starting org.eclipse.jetty.server.session.DefaultSessionIdManager@7e2f23f7[worker=null]
INFO Thread-0 org.eclipse.jetty.server.session - DefaultSessionIdManager workerName=node0
INFO Thread-0 org.eclipse.jetty.server.session - No SessionScavenger set, using defaults
DEBUG Thread-0 org.eclipse.jetty.util.component.ContainerLifeCycle - org.eclipse.jetty.server.session.DefaultSessionIdManager@7e2f23f7[worker=node0] added {org.eclipse.jetty.server.session.HouseKeeper@6bb9bcb6[interval=600000, ownscheduler=false],MANAGED}
DEBUG Thread-0 org.eclipse.jetty.util.component.AbstractLifeCycle - starting org.eclipse.jetty.server.session.HouseKeeper@6bb9bcb6[interval=600000, ownscheduler=false]
DEBUG Thread-0 org.eclipse.jetty.util.component.AbstractLifeCycle - starting org.eclipse.jetty.util.thread.ScheduledExecutorScheduler@1422073f
DEBUG Thread-0 org.eclipse.jetty.util.component.AbstractLifeCycle - STARTED @3120ms org.eclipse.jetty.util.thread.ScheduledExecutorScheduler@1422073f
DEBUG Thread-0 org.eclipse.jetty.server.session - Using own scheduler for scavenging
INFO Thread-0 org.eclipse.jetty.server.session - Scavenging every 660000ms
DEBUG Thread-0 org.eclipse.jetty.util.component.AbstractLifeCycle - STARTED @3123ms org.eclipse.jetty.server.session.HouseKeeper@6bb9bcb6[interval=660000, ownscheduler=true]
DEBUG Thread-0 org.eclipse.jetty.util.component.AbstractLifeCycle - STARTED @3124ms org.eclipse.jetty.server.session.DefaultSessionIdManager@7e2f23f7[worker=node0]
DEBUG Thread-0 org.eclipse.jetty.util.component.ContainerLifeCycle - org.eclipse.jetty.server.Server@37db826d[9.4.8.v20171121] added {org.eclipse.jetty.server.session.DefaultSessionIdManager@7e2f23f7[worker=node0],MANAGED}
DEBUG Thread-0 org.eclipse.jetty.util.component.ContainerLifeCycle - spark.embeddedserver.jetty.JettyHandler1257835924==dftMaxIdleSec=-1 added {org.eclipse.jetty.server.session.DefaultSessionIdManager@7e2f23f7[worker=node0],UNMANAGED}
DEBUG Thread-0 org.eclipse.jetty.util.component.AbstractLifeCycle - starting org.eclipse.jetty.util.thread.ScheduledExecutorScheduler@6b5239c2
DEBUG Thread-0 org.eclipse.jetty.util.component.AbstractLifeCycle - STARTED @3133ms org.eclipse.jetty.util.thread.ScheduledExecutorScheduler@6b5239c2
DEBUG Thread-0 org.eclipse.jetty.server.handler.AbstractHandler - starting spark.embeddedserver.jetty.JettyHandler1257835924==dftMaxIdleSec=-1
DEBUG Thread-0 org.eclipse.jetty.util.component.AbstractLifeCycle - starting org.eclipse.jetty.server.session.DefaultSessionCache@4356c5bd[evict=-1,removeUnloadable=false,saveOnCreate=false,saveOnInactiveEvict=false]
DEBUG Thread-0 org.eclipse.jetty.util.component.AbstractLifeCycle - starting org.eclipse.jetty.server.session.NullSessionDataStore@1fbda812[passivating=false,graceSec=3600]
DEBUG Thread-0 org.eclipse.jetty.util.component.AbstractLifeCycle - STARTED @3137ms org.eclipse.jetty.server.session.NullSessionDataStore@1fbda812[passivating=false,graceSec=3600]
DEBUG Thread-0 org.eclipse.jetty.util.component.AbstractLifeCycle - STARTED @3137ms org.eclipse.jetty.server.session.DefaultSessionCache@4356c5bd[evict=-1,removeUnloadable=false,saveOnCreate=false,saveOnInactiveEvict=false]
DEBUG Thread-0 org.eclipse.jetty.util.component.AbstractLifeCycle - STARTED @3138ms spark.embeddedserver.jetty.JettyHandler1257835924==dftMaxIdleSec=-1
DEBUG Thread-0 org.eclipse.jetty.util.component.AbstractLifeCycle - starting org.eclipse.jetty.server.handler.ErrorHandler@746ac8b9
DEBUG Thread-0 org.eclipse.jetty.server.handler.AbstractHandler - starting org.eclipse.jetty.server.handler.ErrorHandler@746ac8b9
DEBUG Thread-0 org.eclipse.jetty.util.component.AbstractLifeCycle - STARTED @3140ms org.eclipse.jetty.server.handler.ErrorHandler@746ac8b9
DEBUG Thread-0 org.eclipse.jetty.util.component.AbstractLifeCycle - starting ServerConnector@5e2ba09b{HTTP/1.1,[http/1.1]}{0.0.0.0:4567}
WARN Thread-0 org.eclipse.jetty.util.component.AbstractLifeCycle - FAILED ServerConnector@5e2ba09b{HTTP/1.1,[http/1.1]}{0.0.0.0:4567}: java.net.BindException: Address already in use
java.net.BindException: Address already in use
	at java.base/sun.nio.ch.Net.bind0(Native Method)
	at java.base/sun.nio.ch.Net.bind(Net.java:479)
	at java.base/sun.nio.ch.Net.bind(Net.java:468)
	at java.base/sun.nio.ch.ServerSocketChannelImpl.bind(ServerSocketChannelImpl.java:220)
	at java.base/sun.nio.ch.ServerSocketAdaptor.bind(ServerSocketAdaptor.java:88)
	at org.eclipse.jetty.server.ServerConnector.openAcceptChannel(ServerConnector.java:334)
	at org.eclipse.jetty.server.ServerConnector.open(ServerConnector.java:302)
	at org.eclipse.jetty.server.AbstractNetworkConnector.doStart(AbstractNetworkConnector.java:80)
	at org.eclipse.jetty.server.ServerConnector.doStart(ServerConnector.java:238)
	at org.eclipse.jetty.util.component.AbstractLifeCycle.start(AbstractLifeCycle.java:68)
	at org.eclipse.jetty.server.Server.doStart(Server.java:397)
	at org.eclipse.jetty.util.component.AbstractLifeCycle.start(AbstractLifeCycle.java:68)
	at spark.embeddedserver.jetty.EmbeddedJettyServer.ignite(EmbeddedJettyServer.java:149)
	at spark.Service.lambda$init$2(Service.java:549)
	at java.base/java.lang.Thread.run(Thread.java:832)
WARN Thread-0 org.eclipse.jetty.util.component.AbstractLifeCycle - FAILED org.eclipse.jetty.server.Server@37db826d[9.4.8.v20171121]: java.net.BindException: Address already in use
java.net.BindException: Address already in use
	at java.base/sun.nio.ch.Net.bind0(Native Method)
	at java.base/sun.nio.ch.Net.bind(Net.java:479)
	at java.base/sun.nio.ch.Net.bind(Net.java:468)
	at java.base/sun.nio.ch.ServerSocketChannelImpl.bind(ServerSocketChannelImpl.java:220)
	at java.base/sun.nio.ch.ServerSocketAdaptor.bind(ServerSocketAdaptor.java:88)
	at org.eclipse.jetty.server.ServerConnector.openAcceptChannel(ServerConnector.java:334)
	at org.eclipse.jetty.server.ServerConnector.open(ServerConnector.java:302)
	at org.eclipse.jetty.server.AbstractNetworkConnector.doStart(AbstractNetworkConnector.java:80)
	at org.eclipse.jetty.server.ServerConnector.doStart(ServerConnector.java:238)
	at org.eclipse.jetty.util.component.AbstractLifeCycle.start(AbstractLifeCycle.java:68)
	at org.eclipse.jetty.server.Server.doStart(Server.java:397)
	at org.eclipse.jetty.util.component.AbstractLifeCycle.start(AbstractLifeCycle.java:68)
	at spark.embeddedserver.jetty.EmbeddedJettyServer.ignite(EmbeddedJettyServer.java:149)
	at spark.Service.lambda$init$2(Service.java:549)
	at java.base/java.lang.Thread.run(Thread.java:832)
ERROR Thread-0 spark.Spark - ignite failed
java.net.BindException: Address already in use
	at java.base/sun.nio.ch.Net.bind0(Native Method)
	at java.base/sun.nio.ch.Net.bind(Net.java:479)
	at java.base/sun.nio.ch.Net.bind(Net.java:468)
	at java.base/sun.nio.ch.ServerSocketChannelImpl.bind(ServerSocketChannelImpl.java:220)
	at java.base/sun.nio.ch.ServerSocketAdaptor.bind(ServerSocketAdaptor.java:88)
	at org.eclipse.jetty.server.ServerConnector.openAcceptChannel(ServerConnector.java:334)
	at org.eclipse.jetty.server.ServerConnector.open(ServerConnector.java:302)
	at org.eclipse.jetty.server.AbstractNetworkConnector.doStart(AbstractNetworkConnector.java:80)
	at org.eclipse.jetty.server.ServerConnector.doStart(ServerConnector.java:238)
	at org.eclipse.jetty.util.component.AbstractLifeCycle.start(AbstractLifeCycle.java:68)
	at org.eclipse.jetty.server.Server.doStart(Server.java:397)
	at org.eclipse.jetty.util.component.AbstractLifeCycle.start(AbstractLifeCycle.java:68)
	at spark.embeddedserver.jetty.EmbeddedJettyServer.ignite(EmbeddedJettyServer.java:149)
	at spark.Service.lambda$init$2(Service.java:549)
	at java.base/java.lang.Thread.run(Thread.java:832)
INFO main org.flywaydb.core.internal.license.VersionPrinter - Flyway Community Edition 6.0.1 by Boxfuse
DEBUG main org.flywaydb.core.internal.scanner.classpath.ClassPathScanner - Scanning for classpath resources at 'classpath:db/migration' ...
DEBUG main org.flywaydb.core.internal.scanner.classpath.ClassPathScanner - Determining location urls for classpath:db/migration using ClassLoader jdk.internal.loader.ClassLoaders$AppClassLoader@3d4eac69 ...
DEBUG main org.flywaydb.core.internal.scanner.classpath.ClassPathScanner - Scanning URL: file:/Users/student/Makers/java/acebook-java-spark-template/target/classes/db/migration
DEBUG main org.flywaydb.core.internal.util.FeatureDetector - JBoss VFS v2 available: false
DEBUG main org.flywaydb.core.internal.scanner.classpath.FileSystemClassPathLocationScanner - Scanning starting at classpath root in filesystem: /Users/student/Makers/java/acebook-java-spark-template/target/classes/
DEBUG main org.flywaydb.core.internal.scanner.classpath.FileSystemClassPathLocationScanner - Scanning for resources in path: /Users/student/Makers/java/acebook-java-spark-template/target/classes/db/migration (db/migration)
DEBUG main org.flywaydb.core.internal.scanner.classpath.ClassPathScanner - Found resource: db/migration/V1__create_table.sql
DEBUG main org.flywaydb.core.internal.scanner.classpath.ClassPathScanner - Scanning for classes at classpath:db/migration
INFO main org.flywaydb.core.internal.database.DatabaseFactory - Database: jdbc:postgresql://localhost:5432/acebook-test (PostgreSQL 12.2)
DEBUG main org.flywaydb.core.internal.database.DatabaseFactory - Driver  : PostgreSQL Native Driver PostgreSQL 9.4 JDBC4.1 (build 1201)
DEBUG main org.flywaydb.core.Flyway - DDL Transactions Supported: true
DEBUG main org.flywaydb.core.Flyway - Schema: public
DEBUG main org.flywaydb.core.internal.callback.SqlScriptCallbackFactory - Scanning for SQL callbacks ...
DEBUG main org.flywaydb.core.internal.command.DbValidate - Validating migrations ...
DEBUG main org.flywaydb.core.internal.scanner.Scanner - Filtering out resource: db/migration/V1__create_table.sql (filename: V1__create_table.sql)
INFO main org.flywaydb.core.internal.command.DbValidate - Successfully validated 1 migration (execution time 00:00.115s)
INFO main org.flywaydb.core.internal.command.DbMigrate - Current version of schema "public": 1
INFO main org.flywaydb.core.internal.command.DbMigrate - Schema "public" is up to date. No migration necessary.
DEBUG main org.flywaydb.core.Flyway - Memory usage: 17 of 130M
DEBUG main org.sql2o.Query - total: 35 ms; executed update [No name]
DEBUG main org.sql2o.Query - total: 39 ms; executed update [No name]
DEBUG main org.sql2o.Query - total: 2 ms; executed update [No name]
DEBUG main org.sql2o.Query - total: 10 ms; executed update [No name]
DEBUG main com.despegar.http.client.HttpClient - HttpClient created with 1 max connections per destination
DEBUG main com.despegar.http.client.HttpMethod - Executing HttpMethod [url=http://localhost:4567/, name=GET, headers={}, doOutput=false] ...
DEBUG main com.despegar.http.client.HttpMethod - HttpMethod [url=http://localhost:4567/, name=GET, headers={}, doOutput=false] executed with response HttpResponse [code=200, message=OK, headers={Transfer-Encoding=[chunked], null=[HTTP/1.1 200 OK], Server=[Jetty(9.4.8.v20171121)], Date=[Mon, 06 Apr 2020 14:41:42 GMT], Content-Type=[text/html;charset=utf-8]}, body=[72, 101, 108, 108, 111, 32, 87, 111, 114, 108, 100]]
DEBUG main com.despegar.http.client.HttpClient - HttpClient created with 1 max connections per destination
DEBUG main com.despegar.http.client.HttpMethod - Executing HttpMethod [url=http://localhost:4567/, name=GET, headers={}, doOutput=false] ...
DEBUG main com.despegar.http.client.HttpMethod - HttpMethod [url=http://localhost:4567/, name=GET, headers={}, doOutput=false] executed with response HttpResponse [code=200, message=OK, headers={Transfer-Encoding=[chunked], null=[HTTP/1.1 200 OK], Server=[Jetty(9.4.8.v20171121)], Date=[Mon, 06 Apr 2020 14:42:10 GMT], Content-Type=[text/html;charset=utf-8]}, body=[72, 101, 108, 108, 111, 32, 87, 111, 114, 108, 100]]
INFO main org.flywaydb.core.internal.license.VersionPrinter - Flyway Community Edition 6.0.1 by Boxfuse
DEBUG main org.flywaydb.core.internal.scanner.classpath.ClassPathScanner - Scanning for classpath resources at 'classpath:db/migration' ...
DEBUG main org.flywaydb.core.internal.scanner.classpath.ClassPathScanner - Determining location urls for classpath:db/migration using ClassLoader jdk.internal.loader.ClassLoaders$AppClassLoader@3d4eac69 ...
DEBUG main org.flywaydb.core.internal.scanner.classpath.ClassPathScanner - Scanning URL: file:/Users/student/Makers/java/acebook-java-spark-template/target/classes/db/migration
DEBUG main org.flywaydb.core.internal.util.FeatureDetector - JBoss VFS v2 available: false
DEBUG main org.flywaydb.core.internal.scanner.classpath.FileSystemClassPathLocationScanner - Scanning starting at classpath root in filesystem: /Users/student/Makers/java/acebook-java-spark-template/target/classes/
DEBUG main org.flywaydb.core.internal.scanner.classpath.FileSystemClassPathLocationScanner - Scanning for resources in path: /Users/student/Makers/java/acebook-java-spark-template/target/classes/db/migration (db/migration)
DEBUG main org.flywaydb.core.internal.scanner.classpath.ClassPathScanner - Found resource: db/migration/V1__create_table.sql
DEBUG main org.flywaydb.core.internal.scanner.classpath.ClassPathScanner - Scanning for classes at classpath:db/migration
INFO main org.flywaydb.core.internal.database.DatabaseFactory - Database: jdbc:postgresql://localhost:5432/acebook (PostgreSQL 12.2)
DEBUG main org.flywaydb.core.internal.database.DatabaseFactory - Driver  : PostgreSQL Native Driver PostgreSQL 9.4 JDBC4.1 (build 1201)
DEBUG main org.flywaydb.core.Flyway - DDL Transactions Supported: true
DEBUG main org.flywaydb.core.Flyway - Schema: public
DEBUG main org.flywaydb.core.internal.callback.SqlScriptCallbackFactory - Scanning for SQL callbacks ...
DEBUG main org.flywaydb.core.internal.command.DbValidate - Validating migrations ...
DEBUG main org.flywaydb.core.internal.scanner.Scanner - Filtering out resource: db/migration/V1__create_table.sql (filename: V1__create_table.sql)
INFO main org.flywaydb.core.internal.command.DbValidate - Successfully validated 1 migration (execution time 00:00.145s)
INFO main org.flywaydb.core.internal.command.DbMigrate - Current version of schema "public": 1
INFO main org.flywaydb.core.internal.command.DbMigrate - Schema "public" is up to date. No migration necessary.
DEBUG main org.flywaydb.core.Flyway - Memory usage: 13 of 130M
DEBUG main spark.route.Routes - Adds route: get, /, spark.RouteImpl$1@44f75083
DEBUG Thread-0 org.eclipse.jetty.util.log - Logging to org.slf4j.impl.Log4jLoggerAdapter(org.eclipse.jetty.util.log) via org.eclipse.jetty.util.log.Slf4jLog
INFO Thread-0 org.eclipse.jetty.util.log - Logging initialized @2519ms to org.eclipse.jetty.util.log.Slf4jLog
DEBUG main spark.route.Routes - Adds route: get, /posts, spark.TemplateViewRouteImpl$1@453da22c
DEBUG Thread-0 org.eclipse.jetty.util.component.ContainerLifeCycle - org.eclipse.jetty.server.Server@37db826d[9.4.8.v20171121] added {QueuedThreadPool@qtp1777033779{STOPPED,8<=0<=200,i=0,q=0},AUTO}
DEBUG Thread-0 org.eclipse.jetty.util.component.ContainerLifeCycle - HttpConnectionFactory@5a399018[HTTP/1.1] added {HttpConfiguration@3925b272{32768/8192,8192/8192,https://:0,[ForwardedRequestCustomizer@2bbbfdb9]},POJO}
DEBUG Thread-0 org.eclipse.jetty.util.component.ContainerLifeCycle - ServerConnector@5e2ba09b{null,[]}{0.0.0.0:0} added {org.eclipse.jetty.server.Server@37db826d[9.4.8.v20171121],UNMANAGED}
DEBUG Thread-0 org.eclipse.jetty.util.component.ContainerLifeCycle - ServerConnector@5e2ba09b{null,[]}{0.0.0.0:0} added {QueuedThreadPool@qtp1777033779{STOPPED,8<=0<=200,i=0,q=0},AUTO}
DEBUG Thread-0 org.eclipse.jetty.util.component.ContainerLifeCycle - ServerConnector@5e2ba09b{null,[]}{0.0.0.0:0} added {org.eclipse.jetty.util.thread.ScheduledExecutorScheduler@2ba84a58,AUTO}
DEBUG Thread-0 org.eclipse.jetty.util.component.ContainerLifeCycle - ServerConnector@5e2ba09b{null,[]}{0.0.0.0:0} added {org.eclipse.jetty.io.ArrayByteBufferPool@69683c22,POJO}
DEBUG Thread-0 org.eclipse.jetty.util.component.ContainerLifeCycle - ServerConnector@5e2ba09b{null,[http/1.1]}{0.0.0.0:0} added {HttpConnectionFactory@5a399018[HTTP/1.1],AUTO}
DEBUG Thread-0 org.eclipse.jetty.server.AbstractConnector - ServerConnector@5e2ba09b{HTTP/1.1,[http/1.1]}{0.0.0.0:0} added HttpConnectionFactory@5a399018[HTTP/1.1]
DEBUG Thread-0 org.eclipse.jetty.util.component.ContainerLifeCycle - ServerConnector@5e2ba09b{HTTP/1.1,[http/1.1]}{0.0.0.0:0} added {SelectorManager@ServerConnector@5e2ba09b{HTTP/1.1,[http/1.1]}{0.0.0.0:0},MANAGED}
DEBUG Thread-0 org.eclipse.jetty.util.component.ContainerLifeCycle - org.eclipse.jetty.server.Server@37db826d[9.4.8.v20171121] added {ServerConnector@5e2ba09b{HTTP/1.1,[http/1.1]}{0.0.0.0:4567},AUTO}
DEBUG Thread-0 org.eclipse.jetty.util.component.ContainerLifeCycle - org.eclipse.jetty.server.Server@37db826d[9.4.8.v20171121] added {spark.embeddedserver.jetty.JettyHandler1257835924==dftMaxIdleSec=-1,MANAGED}
INFO Thread-0 spark.embeddedserver.jetty.EmbeddedJettyServer - == Spark has ignited ...
INFO Thread-0 spark.embeddedserver.jetty.EmbeddedJettyServer - >> Listening on 0.0.0.0:4567
DEBUG Thread-0 org.eclipse.jetty.util.component.AbstractLifeCycle - starting org.eclipse.jetty.server.Server@37db826d[9.4.8.v20171121]
DEBUG Thread-0 org.eclipse.jetty.util.component.ContainerLifeCycle - org.eclipse.jetty.server.Server@37db826d[9.4.8.v20171121] added {org.eclipse.jetty.server.handler.ErrorHandler@746ac8b9,AUTO}
INFO Thread-0 org.eclipse.jetty.server.Server - jetty-9.4.8.v20171121, build timestamp: 2017-11-21T21:27:37Z, git hash: 82b8fb23f757335bb3329d540ce37a2a2615f0a8
DEBUG Thread-0 org.eclipse.jetty.server.handler.AbstractHandler - starting org.eclipse.jetty.server.Server@37db826d[9.4.8.v20171121]
DEBUG Thread-0 org.eclipse.jetty.util.component.AbstractLifeCycle - starting QueuedThreadPool@qtp1777033779{STOPPED,8<=0<=200,i=0,q=0}
DEBUG Thread-0 org.eclipse.jetty.util.component.AbstractLifeCycle - STARTED @3010ms QueuedThreadPool@qtp1777033779{STARTED,8<=8<=200,i=8,q=0}
DEBUG Thread-0 org.eclipse.jetty.util.component.AbstractLifeCycle - starting spark.embeddedserver.jetty.JettyHandler1257835924==dftMaxIdleSec=-1
DEBUG Thread-0 org.eclipse.jetty.util.component.ContainerLifeCycle - spark.embeddedserver.jetty.JettyHandler1257835924==dftMaxIdleSec=-1 added {org.eclipse.jetty.server.session.DefaultSessionCache@4356c5bd[evict=-1,removeUnloadable=false,saveOnCreate=false,saveOnInactiveEvict=false],AUTO}
DEBUG Thread-0 org.eclipse.jetty.util.component.ContainerLifeCycle - org.eclipse.jetty.server.session.DefaultSessionCache@4356c5bd[evict=-1,removeUnloadable=false,saveOnCreate=false,saveOnInactiveEvict=false] added {org.eclipse.jetty.server.session.NullSessionDataStore@1fbda812[passivating=false,graceSec=3600],AUTO}
DEBUG Thread-0 org.eclipse.jetty.util.component.AbstractLifeCycle - starting org.eclipse.jetty.server.session.DefaultSessionIdManager@7e2f23f7[worker=null]
INFO Thread-0 org.eclipse.jetty.server.session - DefaultSessionIdManager workerName=node0
INFO Thread-0 org.eclipse.jetty.server.session - No SessionScavenger set, using defaults
DEBUG Thread-0 org.eclipse.jetty.util.component.ContainerLifeCycle - org.eclipse.jetty.server.session.DefaultSessionIdManager@7e2f23f7[worker=node0] added {org.eclipse.jetty.server.session.HouseKeeper@6bb9bcb6[interval=600000, ownscheduler=false],MANAGED}
DEBUG Thread-0 org.eclipse.jetty.util.component.AbstractLifeCycle - starting org.eclipse.jetty.server.session.HouseKeeper@6bb9bcb6[interval=600000, ownscheduler=false]
DEBUG Thread-0 org.eclipse.jetty.util.component.AbstractLifeCycle - starting org.eclipse.jetty.util.thread.ScheduledExecutorScheduler@1422073f
DEBUG Thread-0 org.eclipse.jetty.util.component.AbstractLifeCycle - STARTED @3110ms org.eclipse.jetty.util.thread.ScheduledExecutorScheduler@1422073f
DEBUG Thread-0 org.eclipse.jetty.server.session - Using own scheduler for scavenging
INFO Thread-0 org.eclipse.jetty.server.session - Scavenging every 600000ms
DEBUG Thread-0 org.eclipse.jetty.util.component.AbstractLifeCycle - STARTED @3130ms org.eclipse.jetty.server.session.HouseKeeper@6bb9bcb6[interval=600000, ownscheduler=true]
DEBUG Thread-0 org.eclipse.jetty.util.component.AbstractLifeCycle - STARTED @3130ms org.eclipse.jetty.server.session.DefaultSessionIdManager@7e2f23f7[worker=node0]
DEBUG Thread-0 org.eclipse.jetty.util.component.ContainerLifeCycle - org.eclipse.jetty.server.Server@37db826d[9.4.8.v20171121] added {org.eclipse.jetty.server.session.DefaultSessionIdManager@7e2f23f7[worker=node0],MANAGED}
DEBUG Thread-0 org.eclipse.jetty.util.component.ContainerLifeCycle - spark.embeddedserver.jetty.JettyHandler1257835924==dftMaxIdleSec=-1 added {org.eclipse.jetty.server.session.DefaultSessionIdManager@7e2f23f7[worker=node0],UNMANAGED}
DEBUG Thread-0 org.eclipse.jetty.util.component.AbstractLifeCycle - starting org.eclipse.jetty.util.thread.ScheduledExecutorScheduler@6b5239c2
DEBUG Thread-0 org.eclipse.jetty.util.component.AbstractLifeCycle - STARTED @3165ms org.eclipse.jetty.util.thread.ScheduledExecutorScheduler@6b5239c2
DEBUG Thread-0 org.eclipse.jetty.server.handler.AbstractHandler - starting spark.embeddedserver.jetty.JettyHandler1257835924==dftMaxIdleSec=-1
DEBUG Thread-0 org.eclipse.jetty.util.component.AbstractLifeCycle - starting org.eclipse.jetty.server.session.DefaultSessionCache@4356c5bd[evict=-1,removeUnloadable=false,saveOnCreate=false,saveOnInactiveEvict=false]
DEBUG Thread-0 org.eclipse.jetty.util.component.AbstractLifeCycle - starting org.eclipse.jetty.server.session.NullSessionDataStore@1fbda812[passivating=false,graceSec=3600]
DEBUG Thread-0 org.eclipse.jetty.util.component.AbstractLifeCycle - STARTED @3178ms org.eclipse.jetty.server.session.NullSessionDataStore@1fbda812[passivating=false,graceSec=3600]
DEBUG Thread-0 org.eclipse.jetty.util.component.AbstractLifeCycle - STARTED @3179ms org.eclipse.jetty.server.session.DefaultSessionCache@4356c5bd[evict=-1,removeUnloadable=false,saveOnCreate=false,saveOnInactiveEvict=false]
DEBUG Thread-0 org.eclipse.jetty.util.component.AbstractLifeCycle - STARTED @3180ms spark.embeddedserver.jetty.JettyHandler1257835924==dftMaxIdleSec=-1
DEBUG Thread-0 org.eclipse.jetty.util.component.AbstractLifeCycle - starting org.eclipse.jetty.server.handler.ErrorHandler@746ac8b9
DEBUG Thread-0 org.eclipse.jetty.server.handler.AbstractHandler - starting org.eclipse.jetty.server.handler.ErrorHandler@746ac8b9
DEBUG Thread-0 org.eclipse.jetty.util.component.AbstractLifeCycle - STARTED @3188ms org.eclipse.jetty.server.handler.ErrorHandler@746ac8b9
DEBUG Thread-0 org.eclipse.jetty.util.component.AbstractLifeCycle - starting ServerConnector@5e2ba09b{HTTP/1.1,[http/1.1]}{0.0.0.0:4567}
WARN Thread-0 org.eclipse.jetty.util.component.AbstractLifeCycle - FAILED ServerConnector@5e2ba09b{HTTP/1.1,[http/1.1]}{0.0.0.0:4567}: java.net.BindException: Address already in use
java.net.BindException: Address already in use
	at java.base/sun.nio.ch.Net.bind0(Native Method)
	at java.base/sun.nio.ch.Net.bind(Net.java:479)
	at java.base/sun.nio.ch.Net.bind(Net.java:468)
	at java.base/sun.nio.ch.ServerSocketChannelImpl.bind(ServerSocketChannelImpl.java:220)
	at java.base/sun.nio.ch.ServerSocketAdaptor.bind(ServerSocketAdaptor.java:88)
	at org.eclipse.jetty.server.ServerConnector.openAcceptChannel(ServerConnector.java:334)
	at org.eclipse.jetty.server.ServerConnector.open(ServerConnector.java:302)
	at org.eclipse.jetty.server.AbstractNetworkConnector.doStart(AbstractNetworkConnector.java:80)
	at org.eclipse.jetty.server.ServerConnector.doStart(ServerConnector.java:238)
	at org.eclipse.jetty.util.component.AbstractLifeCycle.start(AbstractLifeCycle.java:68)
	at org.eclipse.jetty.server.Server.doStart(Server.java:397)
	at org.eclipse.jetty.util.component.AbstractLifeCycle.start(AbstractLifeCycle.java:68)
	at spark.embeddedserver.jetty.EmbeddedJettyServer.ignite(EmbeddedJettyServer.java:149)
	at spark.Service.lambda$init$2(Service.java:549)
	at java.base/java.lang.Thread.run(Thread.java:832)
WARN Thread-0 org.eclipse.jetty.util.component.AbstractLifeCycle - FAILED org.eclipse.jetty.server.Server@37db826d[9.4.8.v20171121]: java.net.BindException: Address already in use
java.net.BindException: Address already in use
	at java.base/sun.nio.ch.Net.bind0(Native Method)
	at java.base/sun.nio.ch.Net.bind(Net.java:479)
	at java.base/sun.nio.ch.Net.bind(Net.java:468)
	at java.base/sun.nio.ch.ServerSocketChannelImpl.bind(ServerSocketChannelImpl.java:220)
	at java.base/sun.nio.ch.ServerSocketAdaptor.bind(ServerSocketAdaptor.java:88)
	at org.eclipse.jetty.server.ServerConnector.openAcceptChannel(ServerConnector.java:334)
	at org.eclipse.jetty.server.ServerConnector.open(ServerConnector.java:302)
	at org.eclipse.jetty.server.AbstractNetworkConnector.doStart(AbstractNetworkConnector.java:80)
	at org.eclipse.jetty.server.ServerConnector.doStart(ServerConnector.java:238)
	at org.eclipse.jetty.util.component.AbstractLifeCycle.start(AbstractLifeCycle.java:68)
	at org.eclipse.jetty.server.Server.doStart(Server.java:397)
	at org.eclipse.jetty.util.component.AbstractLifeCycle.start(AbstractLifeCycle.java:68)
	at spark.embeddedserver.jetty.EmbeddedJettyServer.ignite(EmbeddedJettyServer.java:149)
	at spark.Service.lambda$init$2(Service.java:549)
	at java.base/java.lang.Thread.run(Thread.java:832)
ERROR Thread-0 spark.Spark - ignite failed
java.net.BindException: Address already in use
	at java.base/sun.nio.ch.Net.bind0(Native Method)
	at java.base/sun.nio.ch.Net.bind(Net.java:479)
	at java.base/sun.nio.ch.Net.bind(Net.java:468)
	at java.base/sun.nio.ch.ServerSocketChannelImpl.bind(ServerSocketChannelImpl.java:220)
	at java.base/sun.nio.ch.ServerSocketAdaptor.bind(ServerSocketAdaptor.java:88)
	at org.eclipse.jetty.server.ServerConnector.openAcceptChannel(ServerConnector.java:334)
	at org.eclipse.jetty.server.ServerConnector.open(ServerConnector.java:302)
	at org.eclipse.jetty.server.AbstractNetworkConnector.doStart(AbstractNetworkConnector.java:80)
	at org.eclipse.jetty.server.ServerConnector.doStart(ServerConnector.java:238)
	at org.eclipse.jetty.util.component.AbstractLifeCycle.start(AbstractLifeCycle.java:68)
	at org.eclipse.jetty.server.Server.doStart(Server.java:397)
	at org.eclipse.jetty.util.component.AbstractLifeCycle.start(AbstractLifeCycle.java:68)
	at spark.embeddedserver.jetty.EmbeddedJettyServer.ignite(EmbeddedJettyServer.java:149)
	at spark.Service.lambda$init$2(Service.java:549)
	at java.base/java.lang.Thread.run(Thread.java:832)
